<?xml version="1.0" encoding="UTF-8"?>
<testsuite xmlns:xsi="http://www.w3.org/2001/XMLSchema-instance" xsi:noNamespaceSchemaLocation="https://maven.apache.org/surefire/maven-surefire-plugin/xsd/surefire-test-report.xsd" name="com.excilys.cdb.AppTest" time="0.131" tests="1" errors="0" skipped="0" failures="0">
  <properties>
    <property name="sun.desktop" value="gnome"/>
    <property name="awt.toolkit" value="sun.awt.X11.XToolkit"/>
    <property name="java.specification.version" value="11"/>
    <property name="sun.cpu.isalist" value=""/>
    <property name="sun.jnu.encoding" value="UTF-8"/>
    <property name="java.class.path" value="/home/excilys/Documents/sujetCDB/cdb/binding/target/test-classes:/home/excilys/Documents/sujetCDB/cdb/binding/target/classes:/home/excilys/Documents/sujetCDB/cdb/core/target/core-1.0-SNAPSHOT.jar:/home/excilys/.m2/repository/org/springframework/spring-webmvc/5.3.7/spring-webmvc-5.3.7.jar:/home/excilys/.m2/repository/org/springframework/spring-aop/5.3.7/spring-aop-5.3.7.jar:/home/excilys/.m2/repository/org/springframework/spring-beans/5.3.7/spring-beans-5.3.7.jar:/home/excilys/.m2/repository/org/springframework/spring-context/5.3.7/spring-context-5.3.7.jar:/home/excilys/.m2/repository/org/springframework/spring-expression/5.3.7/spring-expression-5.3.7.jar:/home/excilys/.m2/repository/org/springframework/spring-web/5.3.7/spring-web-5.3.7.jar:/home/excilys/.m2/repository/org/springframework/spring-orm/5.3.7/spring-orm-5.3.7.jar:/home/excilys/.m2/repository/org/springframework/spring-jdbc/5.3.7/spring-jdbc-5.3.7.jar:/home/excilys/.m2/repository/org/springframework/spring-tx/5.3.7/spring-tx-5.3.7.jar:/home/excilys/.m2/repository/org/springframework/security/spring-security-web/5.5.0/spring-security-web-5.5.0.jar:/home/excilys/.m2/repository/org/springframework/security/spring-security-core/5.5.0/spring-security-core-5.5.0.jar:/home/excilys/.m2/repository/org/springframework/security/spring-security-crypto/5.5.0/spring-security-crypto-5.5.0.jar:/home/excilys/.m2/repository/org/springframework/security/spring-security-config/5.5.0/spring-security-config-5.5.0.jar:/home/excilys/.m2/repository/org/jetbrains/kotlin/kotlin-stdlib-jdk8/1.5.0/kotlin-stdlib-jdk8-1.5.0.jar:/home/excilys/.m2/repository/org/jetbrains/kotlin/kotlin-stdlib/1.5.0/kotlin-stdlib-1.5.0.jar:/home/excilys/.m2/repository/org/jetbrains/annotations/13.0/annotations-13.0.jar:/home/excilys/.m2/repository/org/jetbrains/kotlin/kotlin-stdlib-common/1.5.0/kotlin-stdlib-common-1.5.0.jar:/home/excilys/.m2/repository/org/jetbrains/kotlin/kotlin-stdlib-jdk7/1.5.0/kotlin-stdlib-jdk7-1.5.0.jar:/home/excilys/.m2/repository/org/springframework/security/spring-security-taglibs/5.2.2.RELEASE/spring-security-taglibs-5.2.2.RELEASE.jar:/home/excilys/.m2/repository/org/springframework/security/spring-security-acl/5.2.2.RELEASE/spring-security-acl-5.2.2.RELEASE.jar:/home/excilys/.m2/repository/org/hibernate/hibernate-core/5.5.0.Final/hibernate-core-5.5.0.Final.jar:/home/excilys/.m2/repository/org/jboss/logging/jboss-logging/3.4.2.Final/jboss-logging-3.4.2.Final.jar:/home/excilys/.m2/repository/javax/persistence/javax.persistence-api/2.2/javax.persistence-api-2.2.jar:/home/excilys/.m2/repository/org/javassist/javassist/3.27.0-GA/javassist-3.27.0-GA.jar:/home/excilys/.m2/repository/net/bytebuddy/byte-buddy/1.10.22/byte-buddy-1.10.22.jar:/home/excilys/.m2/repository/antlr/antlr/2.7.7/antlr-2.7.7.jar:/home/excilys/.m2/repository/org/jboss/spec/javax/transaction/jboss-transaction-api_1.2_spec/1.1.1.Final/jboss-transaction-api_1.2_spec-1.1.1.Final.jar:/home/excilys/.m2/repository/org/jboss/jandex/2.2.3.Final/jandex-2.2.3.Final.jar:/home/excilys/.m2/repository/com/fasterxml/classmate/1.5.1/classmate-1.5.1.jar:/home/excilys/.m2/repository/javax/activation/javax.activation-api/1.2.0/javax.activation-api-1.2.0.jar:/home/excilys/.m2/repository/org/hibernate/common/hibernate-commons-annotations/5.1.2.Final/hibernate-commons-annotations-5.1.2.Final.jar:/home/excilys/.m2/repository/javax/xml/bind/jaxb-api/2.3.1/jaxb-api-2.3.1.jar:/home/excilys/.m2/repository/org/glassfish/jaxb/jaxb-runtime/2.3.1/jaxb-runtime-2.3.1.jar:/home/excilys/.m2/repository/org/glassfish/jaxb/txw2/2.3.1/txw2-2.3.1.jar:/home/excilys/.m2/repository/com/sun/istack/istack-commons-runtime/3.0.7/istack-commons-runtime-3.0.7.jar:/home/excilys/.m2/repository/org/jvnet/staxex/stax-ex/1.8/stax-ex-1.8.jar:/home/excilys/.m2/repository/com/sun/xml/fastinfoset/FastInfoset/1.2.15/FastInfoset-1.2.15.jar:/home/excilys/.m2/repository/com/zaxxer/HikariCP/3.4.5/HikariCP-3.4.5.jar:/home/excilys/.m2/repository/org/slf4j/slf4j-api/1.7.25/slf4j-api-1.7.25.jar:/home/excilys/.m2/repository/javax/transaction/javax.transaction-api/1.3/javax.transaction-api-1.3.jar:/home/excilys/.m2/repository/javax/servlet/jstl/1.2/jstl-1.2.jar:/home/excilys/.m2/repository/org/slf4j/slf4j-simple/1.7.30/slf4j-simple-1.7.30.jar:/home/excilys/.m2/repository/junit/junit/4.13.2/junit-4.13.2.jar:/home/excilys/.m2/repository/org/hamcrest/hamcrest-core/1.3/hamcrest-core-1.3.jar:/home/excilys/.m2/repository/org/springframework/spring-test/5.3.7/spring-test-5.3.7.jar:/home/excilys/.m2/repository/org/springframework/spring-core/5.3.7/spring-core-5.3.7.jar:/home/excilys/.m2/repository/org/springframework/spring-jcl/5.3.7/spring-jcl-5.3.7.jar:/home/excilys/.m2/repository/com/h2database/h2/1.4.194/h2-1.4.194.jar:/home/excilys/.m2/repository/io/jsonwebtoken/jjwt/0.9.1/jjwt-0.9.1.jar:/home/excilys/.m2/repository/com/fasterxml/jackson/core/jackson-databind/2.9.6/jackson-databind-2.9.6.jar:/home/excilys/.m2/repository/com/fasterxml/jackson/core/jackson-annotations/2.9.0/jackson-annotations-2.9.0.jar:/home/excilys/.m2/repository/com/fasterxml/jackson/core/jackson-core/2.9.6/jackson-core-2.9.6.jar:"/>
    <property name="java.vm.vendor" value="Ubuntu"/>
    <property name="sun.arch.data.model" value="64"/>
    <property name="java.vendor.url" value="https://ubuntu.com/"/>
    <property name="user.timezone" value=""/>
    <property name="java.vm.specification.version" value="11"/>
    <property name="os.name" value="Linux"/>
    <property name="sun.java.launcher" value="SUN_STANDARD"/>
    <property name="user.country" value="FR"/>
    <property name="sun.boot.library.path" value="/usr/lib/jvm/java-11-openjdk-amd64/lib"/>
    <property name="sun.java.command" value="/home/excilys/Documents/sujetCDB/cdb/binding/target/surefire/surefirebooter2894068720947413624.jar /home/excilys/Documents/sujetCDB/cdb/binding/target/surefire 2021-06-25T16-46-40_591-jvmRun1 surefire8997152351405125960tmp surefire_19652509892280344050tmp"/>
    <property name="jdk.debug" value="release"/>
    <property name="surefire.test.class.path" value="/home/excilys/Documents/sujetCDB/cdb/binding/target/test-classes:/home/excilys/Documents/sujetCDB/cdb/binding/target/classes:/home/excilys/Documents/sujetCDB/cdb/core/target/core-1.0-SNAPSHOT.jar:/home/excilys/.m2/repository/org/springframework/spring-webmvc/5.3.7/spring-webmvc-5.3.7.jar:/home/excilys/.m2/repository/org/springframework/spring-aop/5.3.7/spring-aop-5.3.7.jar:/home/excilys/.m2/repository/org/springframework/spring-beans/5.3.7/spring-beans-5.3.7.jar:/home/excilys/.m2/repository/org/springframework/spring-context/5.3.7/spring-context-5.3.7.jar:/home/excilys/.m2/repository/org/springframework/spring-expression/5.3.7/spring-expression-5.3.7.jar:/home/excilys/.m2/repository/org/springframework/spring-web/5.3.7/spring-web-5.3.7.jar:/home/excilys/.m2/repository/org/springframework/spring-orm/5.3.7/spring-orm-5.3.7.jar:/home/excilys/.m2/repository/org/springframework/spring-jdbc/5.3.7/spring-jdbc-5.3.7.jar:/home/excilys/.m2/repository/org/springframework/spring-tx/5.3.7/spring-tx-5.3.7.jar:/home/excilys/.m2/repository/org/springframework/security/spring-security-web/5.5.0/spring-security-web-5.5.0.jar:/home/excilys/.m2/repository/org/springframework/security/spring-security-core/5.5.0/spring-security-core-5.5.0.jar:/home/excilys/.m2/repository/org/springframework/security/spring-security-crypto/5.5.0/spring-security-crypto-5.5.0.jar:/home/excilys/.m2/repository/org/springframework/security/spring-security-config/5.5.0/spring-security-config-5.5.0.jar:/home/excilys/.m2/repository/org/jetbrains/kotlin/kotlin-stdlib-jdk8/1.5.0/kotlin-stdlib-jdk8-1.5.0.jar:/home/excilys/.m2/repository/org/jetbrains/kotlin/kotlin-stdlib/1.5.0/kotlin-stdlib-1.5.0.jar:/home/excilys/.m2/repository/org/jetbrains/annotations/13.0/annotations-13.0.jar:/home/excilys/.m2/repository/org/jetbrains/kotlin/kotlin-stdlib-common/1.5.0/kotlin-stdlib-common-1.5.0.jar:/home/excilys/.m2/repository/org/jetbrains/kotlin/kotlin-stdlib-jdk7/1.5.0/kotlin-stdlib-jdk7-1.5.0.jar:/home/excilys/.m2/repository/org/springframework/security/spring-security-taglibs/5.2.2.RELEASE/spring-security-taglibs-5.2.2.RELEASE.jar:/home/excilys/.m2/repository/org/springframework/security/spring-security-acl/5.2.2.RELEASE/spring-security-acl-5.2.2.RELEASE.jar:/home/excilys/.m2/repository/org/hibernate/hibernate-core/5.5.0.Final/hibernate-core-5.5.0.Final.jar:/home/excilys/.m2/repository/org/jboss/logging/jboss-logging/3.4.2.Final/jboss-logging-3.4.2.Final.jar:/home/excilys/.m2/repository/javax/persistence/javax.persistence-api/2.2/javax.persistence-api-2.2.jar:/home/excilys/.m2/repository/org/javassist/javassist/3.27.0-GA/javassist-3.27.0-GA.jar:/home/excilys/.m2/repository/net/bytebuddy/byte-buddy/1.10.22/byte-buddy-1.10.22.jar:/home/excilys/.m2/repository/antlr/antlr/2.7.7/antlr-2.7.7.jar:/home/excilys/.m2/repository/org/jboss/spec/javax/transaction/jboss-transaction-api_1.2_spec/1.1.1.Final/jboss-transaction-api_1.2_spec-1.1.1.Final.jar:/home/excilys/.m2/repository/org/jboss/jandex/2.2.3.Final/jandex-2.2.3.Final.jar:/home/excilys/.m2/repository/com/fasterxml/classmate/1.5.1/classmate-1.5.1.jar:/home/excilys/.m2/repository/javax/activation/javax.activation-api/1.2.0/javax.activation-api-1.2.0.jar:/home/excilys/.m2/repository/org/hibernate/common/hibernate-commons-annotations/5.1.2.Final/hibernate-commons-annotations-5.1.2.Final.jar:/home/excilys/.m2/repository/javax/xml/bind/jaxb-api/2.3.1/jaxb-api-2.3.1.jar:/home/excilys/.m2/repository/org/glassfish/jaxb/jaxb-runtime/2.3.1/jaxb-runtime-2.3.1.jar:/home/excilys/.m2/repository/org/glassfish/jaxb/txw2/2.3.1/txw2-2.3.1.jar:/home/excilys/.m2/repository/com/sun/istack/istack-commons-runtime/3.0.7/istack-commons-runtime-3.0.7.jar:/home/excilys/.m2/repository/org/jvnet/staxex/stax-ex/1.8/stax-ex-1.8.jar:/home/excilys/.m2/repository/com/sun/xml/fastinfoset/FastInfoset/1.2.15/FastInfoset-1.2.15.jar:/home/excilys/.m2/repository/com/zaxxer/HikariCP/3.4.5/HikariCP-3.4.5.jar:/home/excilys/.m2/repository/org/slf4j/slf4j-api/1.7.25/slf4j-api-1.7.25.jar:/home/excilys/.m2/repository/javax/transaction/javax.transaction-api/1.3/javax.transaction-api-1.3.jar:/home/excilys/.m2/repository/javax/servlet/jstl/1.2/jstl-1.2.jar:/home/excilys/.m2/repository/org/slf4j/slf4j-simple/1.7.30/slf4j-simple-1.7.30.jar:/home/excilys/.m2/repository/junit/junit/4.13.2/junit-4.13.2.jar:/home/excilys/.m2/repository/org/hamcrest/hamcrest-core/1.3/hamcrest-core-1.3.jar:/home/excilys/.m2/repository/org/springframework/spring-test/5.3.7/spring-test-5.3.7.jar:/home/excilys/.m2/repository/org/springframework/spring-core/5.3.7/spring-core-5.3.7.jar:/home/excilys/.m2/repository/org/springframework/spring-jcl/5.3.7/spring-jcl-5.3.7.jar:/home/excilys/.m2/repository/com/h2database/h2/1.4.194/h2-1.4.194.jar:/home/excilys/.m2/repository/io/jsonwebtoken/jjwt/0.9.1/jjwt-0.9.1.jar:/home/excilys/.m2/repository/com/fasterxml/jackson/core/jackson-databind/2.9.6/jackson-databind-2.9.6.jar:/home/excilys/.m2/repository/com/fasterxml/jackson/core/jackson-annotations/2.9.0/jackson-annotations-2.9.0.jar:/home/excilys/.m2/repository/com/fasterxml/jackson/core/jackson-core/2.9.6/jackson-core-2.9.6.jar:"/>
    <property name="sun.cpu.endian" value="little"/>
    <property name="user.home" value="/home/excilys"/>
    <property name="user.language" value="fr"/>
    <property name="java.specification.vendor" value="Oracle Corporation"/>
    <property name="java.version.date" value="2021-04-20"/>
    <property name="java.home" value="/usr/lib/jvm/java-11-openjdk-amd64"/>
    <property name="file.separator" value="/"/>
    <property name="basedir" value="/home/excilys/Documents/sujetCDB/cdb/binding"/>
    <property name="java.vm.compressedOopsMode" value="32-bit"/>
    <property name="line.separator" value="&#10;"/>
    <property name="java.specification.name" value="Java Platform API Specification"/>
    <property name="java.vm.specification.vendor" value="Oracle Corporation"/>
    <property name="java.awt.graphicsenv" value="sun.awt.X11GraphicsEnvironment"/>
    <property name="surefire.real.class.path" value="/home/excilys/Documents/sujetCDB/cdb/binding/target/surefire/surefirebooter2894068720947413624.jar"/>
    <property name="sun.management.compiler" value="HotSpot 64-Bit Tiered Compilers"/>
    <property name="java.runtime.version" value="11.0.11+9-Ubuntu-0ubuntu2.18.04"/>
    <property name="user.name" value="excilys"/>
    <property name="path.separator" value=":"/>
    <property name="os.version" value="5.4.0-77-generic"/>
    <property name="java.runtime.name" value="OpenJDK Runtime Environment"/>
    <property name="file.encoding" value="UTF-8"/>
    <property name="java.vm.name" value="OpenJDK 64-Bit Server VM"/>
    <property name="localRepository" value="/home/excilys/.m2/repository"/>
    <property name="java.vendor.url.bug" value="https://bugs.launchpad.net/ubuntu/+source/openjdk-lts"/>
    <property name="java.io.tmpdir" value="/tmp"/>
    <property name="java.version" value="11.0.11"/>
    <property name="user.dir" value="/home/excilys/Documents/sujetCDB/cdb/binding"/>
    <property name="os.arch" value="amd64"/>
    <property name="java.vm.specification.name" value="Java Virtual Machine Specification"/>
    <property name="java.awt.printerjob" value="sun.print.PSPrinterJob"/>
    <property name="sun.os.patch.level" value="unknown"/>
    <property name="java.library.path" value="/usr/java/packages/lib:/usr/lib/x86_64-linux-gnu/jni:/lib/x86_64-linux-gnu:/usr/lib/x86_64-linux-gnu:/usr/lib/jni:/lib:/usr/lib"/>
    <property name="java.vm.info" value="mixed mode, sharing"/>
    <property name="java.vendor" value="Ubuntu"/>
    <property name="java.vm.version" value="11.0.11+9-Ubuntu-0ubuntu2.18.04"/>
    <property name="sun.io.unicode.encoding" value="UnicodeLittle"/>
    <property name="java.class.version" value="55.0"/>
  </properties>
  <testcase name="shouldAnswerWithTrue" classname="com.excilys.cdb.AppTest" time="0.004"/>
</testsuite>